<?xml version="1.0" encoding="UTF-8"?>
<!-- Generated by org.testng.reporters.JUnitXMLReporter -->
<testsuite ignored="7" hostname="srujanas-MBP.attlocal.net" failures="0" tests="1" name="Default test" time="5.018" errors="0" timestamp="2024-07-26T11:40:35 CDT">
  <testcase classname="com.github.tests.CRUD.GetSingleRepository" name="updateRepositoryName" time="3.925"/>
  <testcase classname="com.github.tests.CRUD.GetSingleRepository" name="getAllRepos" time="0.0">
    <ignored/>
  </testcase> <!-- getAllRepos -->
  <testcase classname="com.github.tests.CRUD.GetSingleRepository" name="deleteRepo" time="0.0">
    <ignored/>
  </testcase> <!-- deleteRepo -->
  <testcase classname="com.github.tests.CRUD.GetSingleRepository" name="createRepoWithExistingName" time="0.0">
    <ignored/>
  </testcase> <!-- createRepoWithExistingName -->
  <testcase classname="com.github.tests.CRUD.GetSingleRepository" name="getSingleRepo" time="0.0">
    <ignored/>
  </testcase> <!-- getSingleRepo -->
  <testcase classname="com.github.tests.CRUD.GetSingleRepository" name="deleteRepoWithNonExistingName" time="0.0">
    <ignored/>
  </testcase> <!-- deleteRepoWithNonExistingName -->
  <testcase classname="com.github.tests.CRUD.GetSingleRepository" name="createRepo" time="0.0">
    <ignored/>
  </testcase> <!-- createRepo -->
  <testcase classname="com.github.tests.CRUD.GetSingleRepository" name="getSingleRepoWithNonExistingName" time="0.0">
    <ignored/>
  </testcase> <!-- getSingleRepoWithNonExistingName -->
</testsuite> <!-- Default test -->
