<?xml version="1.0" encoding="UTF-8"?>
<!-- Generated by org.testng.reporters.JUnitXMLReporter -->
<testsuite ignored="0" hostname="srujanas-MBP.attlocal.net" failures="0" tests="8" name="Repository Tests" time="10.066" errors="0" timestamp="2024-07-26T11:46:00 CDT">
  <testcase classname="com.github.tests.CRUD.GetSingleRepository" name="createRepo" time="4.086"/>
  <testcase classname="com.github.tests.CRUD.GetSingleRepository" name="createRepoWithExistingName" time="0.301"/>
  <testcase classname="com.github.tests.CRUD.GetSingleRepository" name="deleteRepo" time="0.97"/>
  <testcase classname="com.github.tests.CRUD.GetSingleRepository" name="deleteRepoWithNonExistingName" time="0.339"/>
  <testcase classname="com.github.tests.CRUD.GetSingleRepository" name="getAllRepos" time="0.662"/>
  <testcase classname="com.github.tests.CRUD.GetSingleRepository" name="getSingleRepo" time="0.366"/>
  <testcase classname="com.github.tests.CRUD.GetSingleRepository" name="getSingleRepoWithNonExistingName" time="0.246"/>
  <testcase classname="com.github.tests.CRUD.GetSingleRepository" name="updateRepositoryName" time="0.793"/>
</testsuite> <!-- Repository Tests -->
