<?xml version="1.0" encoding="UTF-8"?>
<testng-results ignored="0" total="8" passed="8" failed="0" skipped="0">
  <reporter-output>
  </reporter-output>
  <suite started-at="2024-07-26T11:45:50 CDT" name="API Test Suite" finished-at="2024-07-26T11:46:00 CDT" duration-ms="10066">
    <groups>
    </groups>
    <test started-at="2024-07-26T11:45:50 CDT" name="Repository Tests" finished-at="2024-07-26T11:46:00 CDT" duration-ms="10066">
      <class name="com.github.tests.CRUD.GetSingleRepository">
        <test-method is-config="true" signature="setup()[pri:0, instance:com.github.tests.CRUD.GetSingleRepository@42f3156d]" started-at="2024-07-26T11:45:50 CDT" name="setup" finished-at="2024-07-26T11:45:51 CDT" duration-ms="935" status="PASS">
          <reporter-output>
          </reporter-output>
        </test-method> <!-- setup -->
        <test-method signature="createRepo()[pri:0, instance:com.github.tests.CRUD.GetSingleRepository@42f3156d]" started-at="2024-07-26T11:45:51 CDT" name="createRepo" finished-at="2024-07-26T11:45:55 CDT" duration-ms="4086" status="PASS">
          <reporter-output>
          </reporter-output>
        </test-method> <!-- createRepo -->
        <test-method signature="createRepoWithExistingName()[pri:0, instance:com.github.tests.CRUD.GetSingleRepository@42f3156d]" started-at="2024-07-26T11:45:56 CDT" name="createRepoWithExistingName" finished-at="2024-07-26T11:45:56 CDT" duration-ms="301" status="PASS">
          <reporter-output>
          </reporter-output>
        </test-method> <!-- createRepoWithExistingName -->
        <test-method signature="deleteRepo()[pri:0, instance:com.github.tests.CRUD.GetSingleRepository@42f3156d]" started-at="2024-07-26T11:45:56 CDT" name="deleteRepo" finished-at="2024-07-26T11:45:57 CDT" duration-ms="970" status="PASS">
          <reporter-output>
          </reporter-output>
        </test-method> <!-- deleteRepo -->
        <test-method signature="deleteRepoWithNonExistingName()[pri:0, instance:com.github.tests.CRUD.GetSingleRepository@42f3156d]" started-at="2024-07-26T11:45:57 CDT" name="deleteRepoWithNonExistingName" finished-at="2024-07-26T11:45:58 CDT" duration-ms="339" status="PASS">
          <reporter-output>
          </reporter-output>
        </test-method> <!-- deleteRepoWithNonExistingName -->
        <test-method signature="getAllRepos()[pri:0, instance:com.github.tests.CRUD.GetSingleRepository@42f3156d]" started-at="2024-07-26T11:45:58 CDT" name="getAllRepos" finished-at="2024-07-26T11:45:58 CDT" duration-ms="662" status="PASS">
          <reporter-output>
          </reporter-output>
        </test-method> <!-- getAllRepos -->
        <test-method signature="getSingleRepo()[pri:0, instance:com.github.tests.CRUD.GetSingleRepository@42f3156d]" started-at="2024-07-26T11:45:58 CDT" name="getSingleRepo" finished-at="2024-07-26T11:45:59 CDT" duration-ms="366" status="PASS">
          <reporter-output>
          </reporter-output>
        </test-method> <!-- getSingleRepo -->
        <test-method signature="getSingleRepoWithNonExistingName()[pri:0, instance:com.github.tests.CRUD.GetSingleRepository@42f3156d]" started-at="2024-07-26T11:45:59 CDT" name="getSingleRepoWithNonExistingName" finished-at="2024-07-26T11:45:59 CDT" duration-ms="246" status="PASS">
          <reporter-output>
          </reporter-output>
        </test-method> <!-- getSingleRepoWithNonExistingName -->
        <test-method signature="updateRepositoryName()[pri:0, instance:com.github.tests.CRUD.GetSingleRepository@42f3156d]" started-at="2024-07-26T11:45:59 CDT" name="updateRepositoryName" finished-at="2024-07-26T11:46:00 CDT" duration-ms="793" status="PASS">
          <reporter-output>
          </reporter-output>
        </test-method> <!-- updateRepositoryName -->
      </class> <!-- com.github.tests.CRUD.GetSingleRepository -->
    </test> <!-- Repository Tests -->
  </suite> <!-- API Test Suite -->
</testng-results>
